Flutter crash report.
Please report a bug at https://github.com/flutter/flutter/issues.

## command

flutter --no-color run --machine --track-widget-creation --device-id=chrome --start-paused --dart-define=flutter.inspector.structuredErrors=true lib\main.dart

## exception

FileSystemException: FileSystemException: Deletion failed, path = 'C:\src\flutter\bin\cache\flutter_web_sdk\kernel\amd-canvaskit-sound\dart_sdk.js' (OS Error: The process cannot access the file because it is being used by another process.
, errno = 32)

```
#0      _Directory._deleteSync (dart:io/directory_impl.dart:201:7)
#1      FileSystemEntity.deleteSync (dart:io/file_system_entity.dart:408:7)
#2      _File._deleteSync (dart:io/file_impl.dart:295:50)
#3      FileSystemEntity.deleteSync (dart:io/file_system_entity.dart:408:7)
#4      ForwardingFileSystemEntity.deleteSync (package:file/src/forwarding/forwarding_file_system_entity.dart:70:16)
#5      ErrorHandlingFileSystem.deleteIfExists (package:flutter_tools/src/base/error_handling_io.dart:81:12)
#6      ErrorHandlingFile.copySync.<anonymous closure> (package:flutter_tools/src/base/error_handling_io.dart:336:33)
#7      _runSync (package:flutter_tools/src/base/error_handling_io.dart:560:14)
#8      ErrorHandlingFile.copySync (package:flutter_tools/src/base/error_handling_io.dart:320:5)
#9      FlutterWebSdk.updateInner (package:flutter_tools/src/cache.dart:859:16)
<asynchronous suspension>
#10     CachedArtifact.update (package:flutter_tools/src/cache.dart:699:5)
<asynchronous suspension>
#11     Cache.updateAll (package:flutter_tools/src/cache.dart:569:9)
<asynchronous suspension>
#12     FlutterCommand.verifyThenRunCommand (package:flutter_tools/src/runner/flutter_command.dart:1138:7)
<asynchronous suspension>
#13     FlutterCommand.run.<anonymous closure> (package:flutter_tools/src/runner/flutter_command.dart:1037:27)
<asynchronous suspension>
#14     AppContext.run.<anonymous closure> (package:flutter_tools/src/base/context.dart:152:19)
<asynchronous suspension>
#15     AppContext.run (package:flutter_tools/src/base/context.dart:151:12)
<asynchronous suspension>
#16     CommandRunner.runCommand (package:args/command_runner.dart:197:13)
<asynchronous suspension>
#17     FlutterCommandRunner.runCommand.<anonymous closure> (package:flutter_tools/src/runner/flutter_command_runner.dart:283:9)
<asynchronous suspension>
#18     AppContext.run.<anonymous closure> (package:flutter_tools/src/base/context.dart:152:19)
<asynchronous suspension>
#19     AppContext.run (package:flutter_tools/src/base/context.dart:151:12)
<asynchronous suspension>
#20     FlutterCommandRunner.runCommand (package:flutter_tools/src/runner/flutter_command_runner.dart:239:5)
<asynchronous suspension>
#21     run.<anonymous closure>.<anonymous closure> (package:flutter_tools/runner.dart:62:9)
<asynchronous suspension>
#22     run.<anonymous closure> (package:flutter_tools/runner.dart:60:12)
<asynchronous suspension>
#23     AppContext.run.<anonymous closure> (package:flutter_tools/src/base/context.dart:152:19)
<asynchronous suspension>
#24     AppContext.run (package:flutter_tools/src/base/context.dart:151:12)
<asynchronous suspension>
#25     runInContext (package:flutter_tools/src/context_runner.dart:77:10)
<asynchronous suspension>
#26     main (package:flutter_tools/executable.dart:92:3)
<asynchronous suspension>
```

## flutter doctor

```
[✓] Flutter (Channel dev, 2.1.0-10.0.pre, on Microsoft Windows [Version 10.0.18363.1500], locale en-US)
    • Flutter version 2.1.0-10.0.pre at C:\src\flutter
    • Framework revision cc9b78fc5c (4 months ago), 2021-02-25 13:26:03 -0800
    • Engine revision a252ec09b7
    • Dart version 2.13.0 (build 2.13.0-77.0.dev)

[✓] Android toolchain - develop for Android devices (Android SDK version 30.0.3)
    • Android SDK at C:\Users\AbuBakar\AppData\Local\Android\sdk
    • Platform android-30, build-tools 30.0.3
    • Java binary at: C:\Program Files\Android\Android Studio\jre\bin\java
    • Java version OpenJDK Runtime Environment (build 1.8.0_242-release-1644-b01)
    • All Android licenses accepted.

[✓] Chrome - develop for the web
    • Chrome at C:\Program Files (x86)\Google\Chrome\Application\chrome.exe

[✓] Android Studio (version 4.1.0)
    • Android Studio at C:\Program Files\Android\Android Studio
    • Flutter plugin can be installed from:
      🔨 https://plugins.jetbrains.com/plugin/9212-flutter
    • Dart plugin can be installed from:
      🔨 https://plugins.jetbrains.com/plugin/6351-dart
    • Java version OpenJDK Runtime Environment (build 1.8.0_242-release-1644-b01)

[✓] Connected device (2 available)
    • Chrome (web) • chrome • web-javascript • Google Chrome 91.0.4472.114
    • Edge (web)   • edge   • web-javascript • Microsoft Edge 91.0.864.37

• No issues found!
```
